<?xml version="1.0" encoding="UTF-8"?>
<!-- Generated by org.testng.reporters.JUnitReportReporter -->
<testsuite hostname="DESKTOP-AG89RSG" name="runners.TestRunner" tests="1" failures="0" timestamp="26 Jul 2019 15:22:01 GMT" time="49.937" errors="0">
  <testcase name="feature" time="49.937" classname="runners.TestRunner"/>
</testsuite> <!-- runners.TestRunner -->
