<?xml version="1.0" encoding="UTF-8"?>
<!-- Generated by org.testng.reporters.JUnitReportReporter -->
<testsuite hostname="DESKTOP-AG89RSG" name="runners.TestRunner" tests="1" failures="0" timestamp="10 Jul 2019 16:13:35 GMT" time="32.093" errors="0">
  <testcase name="feature" time="32.093" classname="runners.TestRunner"/>
</testsuite> <!-- runners.TestRunner -->
