<?xml version="1.0" encoding="UTF-8"?>
<!-- Generated by org.testng.reporters.JUnitReportReporter -->
<testsuite hostname="DESKTOP-AG89RSG" name="runners.TestRunner" tests="1" failures="0" timestamp="22 Jul 2019 16:00:03 GMT" time="35.264" errors="0">
  <testcase name="feature" time="35.264" classname="runners.TestRunner"/>
</testsuite> <!-- runners.TestRunner -->
