<?xml version="1.0" encoding="UTF-8"?>
<!-- Generated by org.testng.reporters.JUnitReportReporter -->
<testsuite hostname="DESKTOP-AG89RSG" name="runners.TestRunner" tests="1" failures="0" timestamp="16 Jul 2019 14:26:54 GMT" time="31.033" errors="0">
  <testcase name="feature" time="31.033" classname="runners.TestRunner"/>
</testsuite> <!-- runners.TestRunner -->
